Build started 20-May-13 6:17:10 PM.
     1>Project "C:\Users\BILAL\Documents\Visual Studio 2010\Projects\parsser222\parsser222\parsser222.vcxproj" on node 2 (build target(s)).
     1>InitializeBuildStatus:
         Touching "Debug\parsser222.unsuccessfulbuild".
       ClCompile:
         All outputs are up-to-date.
         c:\Program Files (x86)\Microsoft Visual Studio 10.0\VC\bin\CL.exe /c /ZI /nologo /W3 /WX- /Od /Oy- /D WIN32 /D _DEBUG /D _CONSOLE /D _UNICODE /D UNICODE /Gm /EHsc /RTC1 /MDd /GS /fp:precise /Zc:wchar_t /Zc:forScope /Yu"StdAfx.h" /Fp"Debug\parsser222.pch" /Fo"Debug\\" /Fd"Debug\vc100.pdb" /Gd /TP /analyze- /errorReport:prompt parsser222.cpp
         parsser222.cpp
     1>c:\users\bilal\documents\visual studio 2010\projects\parsser222\parsser222\parsser222.cpp(21): error C2065: 'cout' : undeclared identifier
     1>c:\users\bilal\documents\visual studio 2010\projects\parsser222\parsser222\parsser222.cpp(22): error C2065: 'cin' : undeclared identifier
     1>c:\users\bilal\documents\visual studio 2010\projects\parsser222\parsser222\parsser222.cpp(69): error C2065: 'cout' : undeclared identifier
     1>c:\users\bilal\documents\visual studio 2010\projects\parsser222\parsser222\parsser222.cpp(73): error C2065: 'coutcouts' : undeclared identifier
     1>c:\users\bilal\documents\visual studio 2010\projects\parsser222\parsser222\parsser222.cpp(76): error C2065: 'cout' : undeclared identifier
     1>c:\users\bilal\documents\visual studio 2010\projects\parsser222\parsser222\parsser222.cpp(77): error C2143: syntax error : missing ')' before '{'
     1>c:\users\bilal\documents\visual studio 2010\projects\parsser222\parsser222\parsser222.cpp(77): error C2143: syntax error : missing ')' before '{'
     1>c:\users\bilal\documents\visual studio 2010\projects\parsser222\parsser222\parsser222.cpp(78): error C2143: syntax error : missing ')' before ';'
     1>c:\users\bilal\documents\visual studio 2010\projects\parsser222\parsser222\parsser222.cpp(78): error C3861: 't1coutfor': identifier not found
     1>c:\users\bilal\documents\visual studio 2010\projects\parsser222\parsser222\parsser222.cpp(78): error C2065: 't1cout' : undeclared identifier
     1>c:\users\bilal\documents\visual studio 2010\projects\parsser222\parsser222\parsser222.cpp(78): error C2143: syntax error : missing ')' before '{'
     1>c:\users\bilal\documents\visual studio 2010\projects\parsser222\parsser222\parsser222.cpp(96): error C2065: 'cout' : undeclared identifier
     1>c:\users\bilal\documents\visual studio 2010\projects\parsser222\parsser222\parsser222.cpp(96): error C2001: newline in constant
     1>c:\users\bilal\documents\visual studio 2010\projects\parsser222\parsser222\parsser222.cpp(97): error C2146: syntax error : missing ';' before identifier 'cout'
     1>c:\users\bilal\documents\visual studio 2010\projects\parsser222\parsser222\parsser222.cpp(97): error C2065: 'cout' : undeclared identifier
     1>c:\users\bilal\documents\visual studio 2010\projects\parsser222\parsser222\parsser222.cpp(101): error C2065: 'fs' : undeclared identifier
     1>c:\users\bilal\documents\visual studio 2010\projects\parsser222\parsser222\parsser222.cpp(103): error C2143: syntax error : missing ')' before 'if'
     1>c:\users\bilal\documents\visual studio 2010\projects\parsser222\parsser222\parsser222.cpp(103): error C2059: syntax error : ';'
     1>c:\users\bilal\documents\visual studio 2010\projects\parsser222\parsser222\parsser222.cpp(115): error C2065: 'coutcout' : undeclared identifier
     1>Done Building Project "C:\Users\BILAL\Documents\Visual Studio 2010\Projects\parsser222\parsser222\parsser222.vcxproj" (build target(s)) -- FAILED.

Build FAILED.

Time Elapsed 00:00:01.41
